<?xml version="1.0" encoding="UTF-8"?>
<testng-results ignored="0" total="1" passed="1" failed="0" skipped="0">
  <reporter-output>
  </reporter-output>
  <suite started-at="2023-03-07T16:13:09 IST" name="Default suite" finished-at="2023-03-07T16:13:12 IST" duration-ms="3107">
    <groups>
    </groups>
    <test started-at="2023-03-07T16:13:09 IST" name="Default test" finished-at="2023-03-07T16:13:12 IST" duration-ms="3107">
      <class name="com.test.ABC">
        <test-method is-config="true" signature="before()[pri:0, instance:com.test.ABC@229c6181]" started-at="2023-03-07T16:13:09 IST" name="before" finished-at="2023-03-07T16:13:12 IST" duration-ms="3030" status="PASS">
          <reporter-output>
          </reporter-output>
        </test-method> <!-- before -->
        <test-method signature="test()[pri:0, instance:com.test.ABC@229c6181]" started-at="2023-03-07T16:13:12 IST" name="test" finished-at="2023-03-07T16:13:12 IST" duration-ms="33" status="PASS">
          <reporter-output>
          </reporter-output>
        </test-method> <!-- test -->
      </class> <!-- com.test.ABC -->
    </test> <!-- Default test -->
  </suite> <!-- Default suite -->
</testng-results>
